<?xml version="1.0" encoding="UTF-8"?>
<coverage generated="1517660287395" clover="3.2.0">
  <project timestamp="1517660287396" name="All files">
    <metrics statements="7" coveredstatements="7" conditionals="0" coveredconditionals="0" methods="3" coveredmethods="3" elements="10" coveredelements="10" complexity="0" loc="7" ncloc="7" packages="2" files="2" classes="2">
      <package name="myFriends">
        <metrics statements="3" coveredstatements="3" conditionals="0" coveredconditionals="0" methods="2" coveredmethods="2"/>
        <file name="App.js" path="/Users/javierjv/Workspace/catalanska/myFriends/App.js">
          <metrics statements="3" coveredstatements="3" conditionals="0" coveredconditionals="0" methods="2" coveredmethods="2"/>
          <line num="5" count="1" type="stmt"/>
          <line num="14" count="2" type="stmt"/>
          <line num="23" count="1" type="stmt"/>
        </file>
      </package>
      <package name="myFriends.src">
        <metrics statements="4" coveredstatements="4" conditionals="0" coveredconditionals="0" methods="1" coveredmethods="1"/>
        <file name="MyListItem.js" path="/Users/javierjv/Workspace/catalanska/myFriends/src/MyListItem.js">
          <metrics statements="4" coveredstatements="4" conditionals="0" coveredconditionals="0" methods="1" coveredmethods="1"/>
          <line num="5" count="2" type="stmt"/>
          <line num="20" count="2" type="stmt"/>
          <line num="21" count="4" type="stmt"/>
          <line num="35" count="2" type="stmt"/>
        </file>
      </package>
    </metrics>
  </project>
</coverage>
