{"/Users/javierjv/Workspace/catalanska/myFriends/App.js": {"path":"/Users/javierjv/Workspace/catalanska/myFriends/App.js","statementMap":{"0":{"start":{"line":5,"column":15},"end":{"line":9,"column":2}},"1":{"start":{"line":14,"column":2},"end":{"line":19,"column":4}},"2":{"start":{"line":23,"column":4},"end":{"line":41,"column":6}}},"fnMap":{"0":{"name":"(anonymous_0)","decl":{"start":{"line":13,"column":16},"end":{"line":13,"column":17}},"loc":{"start":{"line":14,"column":2},"end":{"line":19,"column":4}},"line":14},"1":{"name":"(anonymous_1)","decl":{"start":{"line":22,"column":2},"end":{"line":22,"column":3}},"loc":{"start":{"line":22,"column":11},"end":{"line":42,"column":3}},"line":22}},"branchMap":{},"s":{"0":1,"1":2,"2":1},"f":{"0":2,"1":1},"b":{},"_coverageSchema":"332fd63041d2c1bcb487cc26dd0d5f7d97098a6c","hash":"4c74c938c7fd88175a4f091f5c7ddb25b83aa520"}
,"/Users/javierjv/Workspace/catalanska/myFriends/src/MyListItem.js": {"path":"/Users/javierjv/Workspace/catalanska/myFriends/src/MyListItem.js","statementMap":{"0":{"start":{"line":5,"column":15},"end":{"line":18,"column":2}},"1":{"start":{"line":20,"column":19},"end":{"line":33,"column":1}},"2":{"start":{"line":21,"column":4},"end":{"line":32,"column":11}},"3":{"start":{"line":35,"column":0},"end":{"line":39,"column":2}}},"fnMap":{"0":{"name":"(anonymous_0)","decl":{"start":{"line":20,"column":19},"end":{"line":20,"column":20}},"loc":{"start":{"line":21,"column":4},"end":{"line":32,"column":11}},"line":21}},"branchMap":{},"s":{"0":2,"1":2,"2":4,"3":2},"f":{"0":4},"b":{},"_coverageSchema":"332fd63041d2c1bcb487cc26dd0d5f7d97098a6c","hash":"061d00c1cef05dc118d13c520f70fb254c6e27da"}
}
